<?xml version="1.0" encoding="UTF-8"?>
<testsuite name="taller.AppSuite" tests="1" skipped="0" failures="0" errors="0" timestamp="2024-11-09T00:44:56" hostname="LAPTOP-SLSDBM48" time="0.029">
  <properties/>
  <testcase name="App has a greeting" classname="taller.AppSuite" time="0.029"/>
  <system-out><![CDATA[]]></system-out>
  <system-err><![CDATA[]]></system-err>
</testsuite>
