<?xml version="1.0" encoding="UTF-8"?>
<testsuite name="taller.ComplementoTest" tests="5" skipped="0" failures="0" errors="0" timestamp="2024-11-09T00:44:56" hostname="LAPTOP-SLSDBM48" time="0.049">
  <properties/>
  <testcase name="Complemento de un conjunto debe retornar valores entre 0 y 1" classname="taller.ComplementoTest" time="0.004"/>
  <testcase name="Complemento del complemento debe ser aproximadamente igual al conjunto original" classname="taller.ComplementoTest" time="0.041"/>
  <testcase name="Suma de un conjunto y su complemento debe ser aproximadamente 1" classname="taller.ComplementoTest" time="0.0"/>
  <testcase name="Complemento de un conjunto con grado de pertenencia 1 debe ser 0" classname="taller.ComplementoTest" time="0.0"/>
  <testcase name="Complemento de un conjunto con valores negativos debe ser 1" classname="taller.ComplementoTest" time="0.002"/>
  <system-out><![CDATA[]]></system-out>
  <system-err><![CDATA[]]></system-err>
</testsuite>
